Arguments: 
  /Users/konstantin/.nvm/versions/node/v14.19.0/bin/node /usr/local/bin/yarn add @types/mdast-util-mdxjs-esm

PATH: 
  /Users/konstantin/.nvm/versions/node/v14.19.0/bin:/usr/local/bin:/usr/bin:/bin:/usr/sbin:/sbin:/usr/local/go/bin:/usr/local/mysql/bin:/opt/X11/bin:/Library/Apple/usr/bin:/Users/konstantin/.nvm/versions/node/v14.19.0/bin

Yarn version: 
  1.22.11

Node version: 
  14.19.0

Platform: 
  darwin x64

Trace: 
  Error: https://registry.yarnpkg.com/@types%2fmdast-util-mdxjs-esm: Not found
      at Request.params.callback [as _callback] (/usr/local/lib/node_modules/yarn/lib/cli.js:66992:18)
      at Request.self.callback (/usr/local/lib/node_modules/yarn/lib/cli.js:140763:22)
      at Request.emit (events.js:400:28)
      at Request.<anonymous> (/usr/local/lib/node_modules/yarn/lib/cli.js:141735:10)
      at Request.emit (events.js:400:28)
      at IncomingMessage.<anonymous> (/usr/local/lib/node_modules/yarn/lib/cli.js:141657:12)
      at Object.onceWrapper (events.js:519:28)
      at IncomingMessage.emit (events.js:412:35)
      at endReadableNT (internal/streams/readable.js:1334:12)
      at processTicksAndRejections (internal/process/task_queues.js:82:21)

npm manifest: 
  {
    "name": "rehype-mdxjs-inject-code-prop",
    "version": "1.0.0",
    "description": "Inject code as prop",
    "main": "src/index.ts",
    "author": "Konstantin Bulatovic",
    "license": "MIT",
    "private": false,
    "devDependencies": {
      "@types/estree-jsx": "^1.0.0",
      "@types/hast": "^2.3.4",
      "@types/node": "^18.6.4",
      "@types/prettier": "^2.7.0",
      "mdast-util-mdx-jsx": "^2.1.0",
      "prettier": "^2.7.1",
      "typescript": "^4.7.4"
    }
  }

yarn manifest: 
  No manifest

Lockfile: 
  # THIS IS AN AUTOGENERATED FILE. DO NOT EDIT THIS FILE DIRECTLY.
  # yarn lockfile v1
  
  
  "@types/estree-jsx@^1.0.0":
    version "1.0.0"
    resolved "https://registry.yarnpkg.com/@types/estree-jsx/-/estree-jsx-1.0.0.tgz#7bfc979ab9f692b492017df42520f7f765e98df1"
    integrity sha512-3qvGd0z8F2ENTGr/GG1yViqfiKmRfrXVx5sJyHGFu3z7m5g5utCQtGp/g29JnjflhtQJBv1WDQukHiT58xPcYQ==
    dependencies:
      "@types/estree" "*"
  
  "@types/estree@*":
    version "1.0.0"
    resolved "https://registry.yarnpkg.com/@types/estree/-/estree-1.0.0.tgz#5fb2e536c1ae9bf35366eed879e827fa59ca41c2"
    integrity sha512-WulqXMDUTYAXCjZnk6JtIHPigp55cVtDgDrO2gHRwhyJto21+1zbVCtOYB2L1F9w4qCQ0rOGWBnBe0FNTiEJIQ==
  
  "@types/hast@^2.0.0", "@types/hast@^2.3.4":
    version "2.3.4"
    resolved "https://registry.yarnpkg.com/@types/hast/-/hast-2.3.4.tgz#8aa5ef92c117d20d974a82bdfb6a648b08c0bafc"
    integrity sha512-wLEm0QvaoawEDoTRwzTXp4b4jpwiJDvR5KMnFnVodm3scufTlBOWRD6N1OBf9TZMhjlNsSfcO5V+7AF4+Vy+9g==
    dependencies:
      "@types/unist" "*"
  
  "@types/mdast@^3.0.0":
    version "3.0.10"
    resolved "https://registry.yarnpkg.com/@types/mdast/-/mdast-3.0.10.tgz#4724244a82a4598884cbbe9bcfd73dff927ee8af"
    integrity sha512-W864tg/Osz1+9f4lrGTZpCSO5/z4608eUp19tbozkq2HJK6i3z1kT0H9tlADXuYIb1YYOBByU4Jsqkk75q48qA==
    dependencies:
      "@types/unist" "*"
  
  "@types/node@^18.6.4":
    version "18.6.4"
    resolved "https://registry.yarnpkg.com/@types/node/-/node-18.6.4.tgz#fd26723a8a3f8f46729812a7f9b4fc2d1608ed39"
    integrity sha512-I4BD3L+6AWiUobfxZ49DlU43gtI+FTHSv9pE2Zekg6KjMpre4ByusaljW3vYSLJrvQ1ck1hUaeVu8HVlY3vzHg==
  
  "@types/prettier@^2.7.0":
    version "2.7.0"
    resolved "https://registry.yarnpkg.com/@types/prettier/-/prettier-2.7.0.tgz#ea03e9f0376a4446f44797ca19d9c46c36e352dc"
    integrity sha512-RI1L7N4JnW5gQw2spvL7Sllfuf1SaHdrZpCHiBlCXjIlufi1SMNnbu2teze3/QE67Fg2tBlH7W+mi4hVNk4p0A==
  
  "@types/unist@*", "@types/unist@^2.0.0":
    version "2.0.6"
    resolved "https://registry.yarnpkg.com/@types/unist/-/unist-2.0.6.tgz#250a7b16c3b91f672a24552ec64678eeb1d3a08d"
    integrity sha512-PBjIUxZHOuj0R15/xuwJYjFi+KZdNFrehocChv4g5hu6aFroHue8m0lBP0POdK2nKzbw0cgV1mws8+V/JAcEkQ==
  
  ccount@^2.0.0:
    version "2.0.1"
    resolved "https://registry.yarnpkg.com/ccount/-/ccount-2.0.1.tgz#17a3bf82302e0870d6da43a01311a8bc02a3ecf5"
    integrity sha512-eyrF0jiFpY+3drT6383f1qhkbGsLSifNAjA61IUjZjmLCWjItY6LB9ft9YhoDgwfmclB2zhu51Lc7+95b8NRAg==
  
  character-entities-html4@^2.0.0:
    version "2.1.0"
    resolved "https://registry.yarnpkg.com/character-entities-html4/-/character-entities-html4-2.1.0.tgz#1f1adb940c971a4b22ba39ddca6b618dc6e56b2b"
    integrity sha512-1v7fgQRj6hnSwFpq1Eu0ynr/CDEw0rXo2B61qXrLNdHZmPKgb7fqS1a2JwF0rISo9q77jDI8VMEHoApn8qDoZA==
  
  character-entities-legacy@^3.0.0:
    version "3.0.0"
    resolved "https://registry.yarnpkg.com/character-entities-legacy/-/character-entities-legacy-3.0.0.tgz#76bc83a90738901d7bc223a9e93759fdd560125b"
    integrity sha512-RpPp0asT/6ufRm//AJVwpViZbGM/MkjQFxJccQRHmISF/22NBtsHqAWmL+/pmkPWoIUJdWyeVleTl1wydHATVQ==
  
  character-entities@^2.0.0:
    version "2.0.2"
    resolved "https://registry.yarnpkg.com/character-entities/-/character-entities-2.0.2.tgz#2d09c2e72cd9523076ccb21157dff66ad43fcc22"
    integrity sha512-shx7oQ0Awen/BRIdkjkvz54PnEEI/EjwXDSIZp86/KKdbafHh1Df/RYGBhn4hbe2+uKC9FnT5UCEdyPz3ai9hQ==
  
  character-reference-invalid@^2.0.0:
    version "2.0.1"
    resolved "https://registry.yarnpkg.com/character-reference-invalid/-/character-reference-invalid-2.0.1.tgz#85c66b041e43b47210faf401278abf808ac45cb9"
    integrity sha512-iBZ4F4wRbyORVsu0jPV7gXkOsGYjGHPmAyv+HiHG8gi5PtC9KI2j1+v8/tlibRvjoWX027ypmG/n0HtO5t7unw==
  
  decode-named-character-reference@^1.0.0:
    version "1.0.2"
    resolved "https://registry.yarnpkg.com/decode-named-character-reference/-/decode-named-character-reference-1.0.2.tgz#daabac9690874c394c81e4162a0304b35d824f0e"
    integrity sha512-O8x12RzrUF8xyVcY0KJowWsmaJxQbmy0/EtnNtHRpsOcT7dFk5W598coHqBVpmWo1oQQfsCqfCmkZN5DJrZVdg==
    dependencies:
      character-entities "^2.0.0"
  
  is-alphabetical@^2.0.0:
    version "2.0.1"
    resolved "https://registry.yarnpkg.com/is-alphabetical/-/is-alphabetical-2.0.1.tgz#01072053ea7c1036df3c7d19a6daaec7f19e789b"
    integrity sha512-FWyyY60MeTNyeSRpkM2Iry0G9hpr7/9kD40mD/cGQEuilcZYS4okz8SN2Q6rLCJ8gbCt6fN+rC+6tMGS99LaxQ==
  
  is-alphanumerical@^2.0.0:
    version "2.0.1"
    resolved "https://registry.yarnpkg.com/is-alphanumerical/-/is-alphanumerical-2.0.1.tgz#7c03fbe96e3e931113e57f964b0a368cc2dfd875"
    integrity sha512-hmbYhX/9MUMF5uh7tOXyK/n0ZvWpad5caBA17GsC6vyuCqaWliRG5K1qS9inmUhEMaOBIW7/whAnSwveW/LtZw==
    dependencies:
      is-alphabetical "^2.0.0"
      is-decimal "^2.0.0"
  
  is-decimal@^2.0.0:
    version "2.0.1"
    resolved "https://registry.yarnpkg.com/is-decimal/-/is-decimal-2.0.1.tgz#9469d2dc190d0214fd87d78b78caecc0cc14eef7"
    integrity sha512-AAB9hiomQs5DXWcRB1rqsxGUstbRroFOPPVAomNk/3XHR5JyEZChOyTWe2oayKnsSsr/kcGqF+z6yuH6HHpN0A==
  
  is-hexadecimal@^2.0.0:
    version "2.0.1"
    resolved "https://registry.yarnpkg.com/is-hexadecimal/-/is-hexadecimal-2.0.1.tgz#86b5bf668fca307498d319dfc03289d781a90027"
    integrity sha512-DgZQp241c8oO6cA1SbTEWiXeoxV42vlcJxgH+B3hi1AiqqKruZR3ZGF8In3fj4+/y/7rHvlOZLZtgJ/4ttYGZg==
  
  longest-streak@^3.0.0:
    version "3.0.1"
    resolved "https://registry.yarnpkg.com/longest-streak/-/longest-streak-3.0.1.tgz#c97315b7afa0e7d9525db9a5a2953651432bdc5d"
    integrity sha512-cHlYSUpL2s7Fb3394mYxwTYj8niTaNHUCLr0qdiCXQfSjfuA7CKofpX2uSwEfFDQ0EB7JcnMnm+GjbqqoinYYg==
  
  mdast-util-mdx-jsx@^2.1.0:
    version "2.1.0"
    resolved "https://registry.yarnpkg.com/mdast-util-mdx-jsx/-/mdast-util-mdx-jsx-2.1.0.tgz#029f5a9c38485dbb5cf482059557ee7d788f1947"
    integrity sha512-KzgzfWMhdteDkrY4mQtyvTU5bc/W4ppxhe9SzelO6QUUiwLAM+Et2Dnjjprik74a336kHdo0zKm7Tp+n6FFeRg==
    dependencies:
      "@types/estree-jsx" "^1.0.0"
      "@types/hast" "^2.0.0"
      "@types/mdast" "^3.0.0"
      ccount "^2.0.0"
      mdast-util-to-markdown "^1.3.0"
      parse-entities "^4.0.0"
      stringify-entities "^4.0.0"
      unist-util-remove-position "^4.0.0"
      unist-util-stringify-position "^3.0.0"
      vfile-message "^3.0.0"
  
  mdast-util-to-markdown@^1.3.0:
    version "1.3.0"
    resolved "https://registry.yarnpkg.com/mdast-util-to-markdown/-/mdast-util-to-markdown-1.3.0.tgz#38b6cdc8dc417de642a469c4fc2abdf8c931bd1e"
    integrity sha512-6tUSs4r+KK4JGTTiQ7FfHmVOaDrLQJPmpjD6wPMlHGUVXoG9Vjc3jIeP+uyBWRf8clwB2blM+W7+KrlMYQnftA==
    dependencies:
      "@types/mdast" "^3.0.0"
      "@types/unist" "^2.0.0"
      longest-streak "^3.0.0"
      mdast-util-to-string "^3.0.0"
      micromark-util-decode-string "^1.0.0"
      unist-util-visit "^4.0.0"
      zwitch "^2.0.0"
  
  mdast-util-to-string@^3.0.0:
    version "3.1.0"
    resolved "https://registry.yarnpkg.com/mdast-util-to-string/-/mdast-util-to-string-3.1.0.tgz#56c506d065fbf769515235e577b5a261552d56e9"
    integrity sha512-n4Vypz/DZgwo0iMHLQL49dJzlp7YtAJP+N07MZHpjPf/5XJuHUWstviF4Mn2jEiR/GNmtnRRqnwsXExk3igfFA==
  
  micromark-util-character@^1.0.0:
    version "1.1.0"
    resolved "https://registry.yarnpkg.com/micromark-util-character/-/micromark-util-character-1.1.0.tgz#d97c54d5742a0d9611a68ca0cd4124331f264d86"
    integrity sha512-agJ5B3unGNJ9rJvADMJ5ZiYjBRyDpzKAOk01Kpi1TKhlT1APx3XZk6eN7RtSz1erbWHC2L8T3xLZ81wdtGRZzg==
    dependencies:
      micromark-util-symbol "^1.0.0"
      micromark-util-types "^1.0.0"
  
  micromark-util-decode-numeric-character-reference@^1.0.0:
    version "1.0.0"
    resolved "https://registry.yarnpkg.com/micromark-util-decode-numeric-character-reference/-/micromark-util-decode-numeric-character-reference-1.0.0.tgz#dcc85f13b5bd93ff8d2868c3dba28039d490b946"
    integrity sha512-OzO9AI5VUtrTD7KSdagf4MWgHMtET17Ua1fIpXTpuhclCqD8egFWo85GxSGvxgkGS74bEahvtM0WP0HjvV0e4w==
    dependencies:
      micromark-util-symbol "^1.0.0"
  
  micromark-util-decode-string@^1.0.0:
    version "1.0.2"
    resolved "https://registry.yarnpkg.com/micromark-util-decode-string/-/micromark-util-decode-string-1.0.2.tgz#942252ab7a76dec2dbf089cc32505ee2bc3acf02"
    integrity sha512-DLT5Ho02qr6QWVNYbRZ3RYOSSWWFuH3tJexd3dgN1odEuPNxCngTCXJum7+ViRAd9BbdxCvMToPOD/IvVhzG6Q==
    dependencies:
      decode-named-character-reference "^1.0.0"
      micromark-util-character "^1.0.0"
      micromark-util-decode-numeric-character-reference "^1.0.0"
      micromark-util-symbol "^1.0.0"
  
  micromark-util-symbol@^1.0.0:
    version "1.0.1"
    resolved "https://registry.yarnpkg.com/micromark-util-symbol/-/micromark-util-symbol-1.0.1.tgz#b90344db62042ce454f351cf0bebcc0a6da4920e"
    integrity sha512-oKDEMK2u5qqAptasDAwWDXq0tG9AssVwAx3E9bBF3t/shRIGsWIRG+cGafs2p/SnDSOecnt6hZPCE2o6lHfFmQ==
  
  micromark-util-types@^1.0.0:
    version "1.0.2"
    resolved "https://registry.yarnpkg.com/micromark-util-types/-/micromark-util-types-1.0.2.tgz#f4220fdb319205812f99c40f8c87a9be83eded20"
    integrity sha512-DCfg/T8fcrhrRKTPjRrw/5LLvdGV7BHySf/1LOZx7TzWZdYRjogNtyNq885z3nNallwr3QUKARjqvHqX1/7t+w==
  
  parse-entities@^4.0.0:
    version "4.0.0"
    resolved "https://registry.yarnpkg.com/parse-entities/-/parse-entities-4.0.0.tgz#f67c856d4e3fe19b1a445c3fabe78dcdc1053eeb"
    integrity sha512-5nk9Fn03x3rEhGaX1FU6IDwG/k+GxLXlFAkgrbM1asuAFl3BhdQWvASaIsmwWypRNcZKHPYnIuOSfIWEyEQnPQ==
    dependencies:
      "@types/unist" "^2.0.0"
      character-entities "^2.0.0"
      character-entities-legacy "^3.0.0"
      character-reference-invalid "^2.0.0"
      decode-named-character-reference "^1.0.0"
      is-alphanumerical "^2.0.0"
      is-decimal "^2.0.0"
      is-hexadecimal "^2.0.0"
  
  prettier@^2.7.1:
    version "2.7.1"
    resolved "https://registry.yarnpkg.com/prettier/-/prettier-2.7.1.tgz#e235806850d057f97bb08368a4f7d899f7760c64"
    integrity sha512-ujppO+MkdPqoVINuDFDRLClm7D78qbDt0/NR+wp5FqEZOoTNAjPHWj17QRhu7geIHJfcNhRk1XVQmF8Bp3ye+g==
  
  stringify-entities@^4.0.0:
    version "4.0.3"
    resolved "https://registry.yarnpkg.com/stringify-entities/-/stringify-entities-4.0.3.tgz#cfabd7039d22ad30f3cc435b0ca2c1574fc88ef8"
    integrity sha512-BP9nNHMhhfcMbiuQKCqMjhDP5yBCAxsPu4pHFFzJ6Alo9dZgY4VLDPutXqIjpRiMoKdp7Av85Gr73Q5uH9k7+g==
    dependencies:
      character-entities-html4 "^2.0.0"
      character-entities-legacy "^3.0.0"
  
  typescript@^4.7.4:
    version "4.7.4"
    resolved "https://registry.yarnpkg.com/typescript/-/typescript-4.7.4.tgz#1a88596d1cf47d59507a1bcdfb5b9dfe4d488235"
    integrity sha512-C0WQT0gezHuw6AdY1M2jxUO83Rjf0HP7Sk1DtXj6j1EwkQNZrHAg2XPWlq62oqEhYvONq5pkC2Y9oPljWToLmQ==
  
  unist-util-is@^5.0.0:
    version "5.1.1"
    resolved "https://registry.yarnpkg.com/unist-util-is/-/unist-util-is-5.1.1.tgz#e8aece0b102fa9bc097b0fef8f870c496d4a6236"
    integrity sha512-F5CZ68eYzuSvJjGhCLPL3cYx45IxkqXSetCcRgUXtbcm50X2L9oOWQlfUfDdAf+6Pd27YDblBfdtmsThXmwpbQ==
  
  unist-util-remove-position@^4.0.0:
    version "4.0.1"
    resolved "https://registry.yarnpkg.com/unist-util-remove-position/-/unist-util-remove-position-4.0.1.tgz#d5b46a7304ac114c8d91990ece085ca7c2c135c8"
    integrity sha512-0yDkppiIhDlPrfHELgB+NLQD5mfjup3a8UYclHruTJWmY74je8g+CIFr79x5f6AkmzSwlvKLbs63hC0meOMowQ==
    dependencies:
      "@types/unist" "^2.0.0"
      unist-util-visit "^4.0.0"
  
  unist-util-stringify-position@^3.0.0:
    version "3.0.2"
    resolved "https://registry.yarnpkg.com/unist-util-stringify-position/-/unist-util-stringify-position-3.0.2.tgz#5c6aa07c90b1deffd9153be170dce628a869a447"
    integrity sha512-7A6eiDCs9UtjcwZOcCpM4aPII3bAAGv13E96IkawkOAW0OhH+yRxtY0lzo8KiHpzEMfH7Q+FizUmwp8Iqy5EWg==
    dependencies:
      "@types/unist" "^2.0.0"
  
  unist-util-visit-parents@^5.0.0:
    version "5.1.0"
    resolved "https://registry.yarnpkg.com/unist-util-visit-parents/-/unist-util-visit-parents-5.1.0.tgz#44bbc5d25f2411e7dfc5cecff12de43296aa8521"
    integrity sha512-y+QVLcY5eR/YVpqDsLf/xh9R3Q2Y4HxkZTp7ViLDU6WtJCEcPmRzW1gpdWDCDIqIlhuPDXOgttqPlykrHYDekg==
    dependencies:
      "@types/unist" "^2.0.0"
      unist-util-is "^5.0.0"
  
  unist-util-visit@^4.0.0:
    version "4.1.0"
    resolved "https://registry.yarnpkg.com/unist-util-visit/-/unist-util-visit-4.1.0.tgz#f41e407a9e94da31594e6b1c9811c51ab0b3d8f5"
    integrity sha512-n7lyhFKJfVZ9MnKtqbsqkQEk5P1KShj0+//V7mAcoI6bpbUjh3C/OG8HVD+pBihfh6Ovl01m8dkcv9HNqYajmQ==
    dependencies:
      "@types/unist" "^2.0.0"
      unist-util-is "^5.0.0"
      unist-util-visit-parents "^5.0.0"
  
  vfile-message@^3.0.0:
    version "3.1.2"
    resolved "https://registry.yarnpkg.com/vfile-message/-/vfile-message-3.1.2.tgz#a2908f64d9e557315ec9d7ea3a910f658ac05f7d"
    integrity sha512-QjSNP6Yxzyycd4SVOtmKKyTsSvClqBPJcd00Z0zuPj3hOIjg0rUPG6DbFGPvUKRgYyaIWLPKpuEclcuvb3H8qA==
    dependencies:
      "@types/unist" "^2.0.0"
      unist-util-stringify-position "^3.0.0"
  
  zwitch@^2.0.0:
    version "2.0.2"
    resolved "https://registry.yarnpkg.com/zwitch/-/zwitch-2.0.2.tgz#91f8d0e901ffa3d66599756dde7f57b17c95dce1"
    integrity sha512-JZxotl7SxAJH0j7dN4pxsTV6ZLXoLdGME+PsjkL/DaBrVryK9kTGq06GfKrwcSOqypP+fdXGoCHE36b99fWVoA==
